#
# There is insufficient memory for the Java Runtime Environment to continue.
# Native memory allocation (mmap) failed to map 175112192 bytes for committing reserved memory.
# Possible reasons:
#   The system is out of physical RAM or swap space
#   In 32 bit mode, the process size limit was hit
# Possible solutions:
#   Reduce memory load on the system
#   Increase physical memory or swap space
#   Check if swap backing store is full
#   Use 64 bit Java on a 64 bit OS
#   Decrease Java heap size (-Xmx/-Xms)
#   Decrease number of Java threads
#   Decrease Java thread stack sizes (-Xss)
#   Set larger code cache with -XX:ReservedCodeCacheSize=
# This output file may be truncated or incomplete.
#
#  Out of Memory Error (os_linux.cpp:2640), pid=22365, tid=0x00007fba88eba700
#
# JRE version:  (8.0_151-b12) (build )
# Java VM: Java HotSpot(TM) 64-Bit Server VM (25.151-b12 mixed mode linux-amd64 compressed oops)
# Failed to write core dump. Core dumps have been disabled. To enable core dumping, try "ulimit -c unlimited" before starting Java again
#

---------------  T H R E A D  ---------------

Current thread (0x00007fba8000a800):  JavaThread "Unknown thread" [_thread_in_vm, id=22369, stack(0x00007fba88dba000,0x00007fba88ebb000)]

Stack: [0x00007fba88dba000,0x00007fba88ebb000],  sp=0x00007fba88eb9370,  free space=1020k
Native frames: (J=compiled Java code, j=interpreted, Vv=VM code, C=native code)
V  [libjvm.so+0xacb58a]  VMError::report_and_die()+0x2ba
V  [libjvm.so+0x4ff4ab]  report_vm_out_of_memory(char const*, int, unsigned long, VMErrorType, char const*)+0x8b
V  [libjvm.so+0x928113]  os::Linux::commit_memory_impl(char*, unsigned long, bool)+0x103
V  [libjvm.so+0x928669]  os::pd_commit_memory(char*, unsigned long, unsigned long, bool)+0x29
V  [libjvm.so+0x92288a]  os::commit_memory(char*, unsigned long, unsigned long, bool)+0x2a
V  [libjvm.so+0x9973e3]  PSVirtualSpace::expand_by(unsigned long)+0x53
V  [libjvm.so+0x9874f7]  PSOldGen::initialize(ReservedSpace, unsigned long, char const*, int)+0xb7
V  [libjvm.so+0x2dac3a]  AdjoiningGenerations::AdjoiningGenerations(ReservedSpace, GenerationSizer*, unsigned long)+0x39a
V  [libjvm.so+0x94b796]  ParallelScavengeHeap::initialize()+0x1d6
V  [libjvm.so+0xa93603]  Universe::initialize_heap()+0xf3
V  [libjvm.so+0xa93b6e]  universe_init()+0x3e
V  [libjvm.so+0x640545]  init_globals()+0x65
V  [libjvm.so+0xa7725e]  Threads::create_vm(JavaVMInitArgs*, bool*)+0x23e
V  [libjvm.so+0x6d4e44]  JNI_CreateJavaVM+0x74
C  [libjli.so+0x797e]  JavaMain+0x9e
C  [libpthread.so.0+0x77fc]  start_thread+0xdc


---------------  P R O C E S S  ---------------

Java Threads: ( => current thread )

Other Threads:

=>0x00007fba8000a800 (exited) JavaThread "Unknown thread" [_thread_in_vm, id=22369, stack(0x00007fba88dba000,0x00007fba88ebb000)]

VM state:not at safepoint (not fully initialized)

VM Mutex/Monitor currently owned by a thread: None

GC Heap History (0 events):
No events

Deoptimization events (0 events):
No events

Internal exceptions (0 events):
No events

Events (0 events):
No events


Dynamic libraries:
00400000-00401000 r-xp 00000000 08:06 10362624                           /usr/lib/jvm/java-8-oracle/jre/bin/java
00600000-00601000 rw-p 00000000 08:06 10362624                           /usr/lib/jvm/java-8-oracle/jre/bin/java
011fe000-0121f000 rw-p 00000000 00:00 0                                  [heap]
6d1700000-76d000000 ---p 00000000 00:00 0 
76d000000-772300000 rw-p 00000000 00:00 0 
772300000-7c0000000 ---p 00000000 00:00 0 
7fba71000000-7fba71270000 rwxp 00000000 00:00 0 
7fba71270000-7fba80000000 ---p 00000000 00:00 0 
7fba80000000-7fba80034000 rw-p 00000000 00:00 0 
7fba80034000-7fba84000000 ---p 00000000 00:00 0 
7fba850be000-7fba85345000 rw-p 00000000 00:00 0 
7fba85345000-7fba85875000 ---p 00000000 00:00 0 
7fba85875000-7fba8589f000 rw-p 00000000 00:00 0 
7fba8589f000-7fba85b0d000 ---p 00000000 00:00 0 
7fba85b0d000-7fba85b18000 rw-p 00000000 00:00 0 
7fba85b18000-7fba85ece000 ---p 00000000 00:00 0 
7fba85ece000-7fba85ee9000 r-xp 00000000 08:06 10363495                   /usr/lib/jvm/java-8-oracle/jre/lib/amd64/libzip.so
7fba85ee9000-7fba860e9000 ---p 0001b000 08:06 10363495                   /usr/lib/jvm/java-8-oracle/jre/lib/amd64/libzip.so
7fba860e9000-7fba860ea000 rw-p 0001b000 08:06 10363495                   /usr/lib/jvm/java-8-oracle/jre/lib/amd64/libzip.so
7fba860ea000-7fba860f5000 r-xp 00000000 08:06 4980970                    /lib/x86_64-linux-gnu/libnss_files-2.26.so
7fba860f5000-7fba862f4000 ---p 0000b000 08:06 4980970                    /lib/x86_64-linux-gnu/libnss_files-2.26.so
7fba862f4000-7fba862f5000 r--p 0000a000 08:06 4980970                    /lib/x86_64-linux-gnu/libnss_files-2.26.so
7fba862f5000-7fba862f6000 rw-p 0000b000 08:06 4980970                    /lib/x86_64-linux-gnu/libnss_files-2.26.so
7fba862f6000-7fba862fc000 rw-p 00000000 00:00 0 
7fba862fc000-7fba86307000 r-xp 00000000 08:06 4981004                    /lib/x86_64-linux-gnu/libnss_nis-2.26.so
7fba86307000-7fba86506000 ---p 0000b000 08:06 4981004                    /lib/x86_64-linux-gnu/libnss_nis-2.26.so
7fba86506000-7fba86507000 r--p 0000a000 08:06 4981004                    /lib/x86_64-linux-gnu/libnss_nis-2.26.so
7fba86507000-7fba86508000 rw-p 0000b000 08:06 4981004                    /lib/x86_64-linux-gnu/libnss_nis-2.26.so
7fba86508000-7fba8651f000 r-xp 00000000 08:06 4980960                    /lib/x86_64-linux-gnu/libnsl-2.26.so
7fba8651f000-7fba8671e000 ---p 00017000 08:06 4980960                    /lib/x86_64-linux-gnu/libnsl-2.26.so
7fba8671e000-7fba8671f000 r--p 00016000 08:06 4980960                    /lib/x86_64-linux-gnu/libnsl-2.26.so
7fba8671f000-7fba86720000 rw-p 00017000 08:06 4980960                    /lib/x86_64-linux-gnu/libnsl-2.26.so
7fba86720000-7fba86722000 rw-p 00000000 00:00 0 
7fba86722000-7fba8672a000 r-xp 00000000 08:06 4980966                    /lib/x86_64-linux-gnu/libnss_compat-2.26.so
7fba8672a000-7fba86929000 ---p 00008000 08:06 4980966                    /lib/x86_64-linux-gnu/libnss_compat-2.26.so
7fba86929000-7fba8692a000 r--p 00007000 08:06 4980966                    /lib/x86_64-linux-gnu/libnss_compat-2.26.so
7fba8692a000-7fba8692b000 rw-p 00008000 08:06 4980966                    /lib/x86_64-linux-gnu/libnss_compat-2.26.so
7fba8692b000-7fba86956000 r-xp 00000000 08:06 10363464                   /usr/lib/jvm/java-8-oracle/jre/lib/amd64/libjava.so
7fba86956000-7fba86b55000 ---p 0002b000 08:06 10363464                   /usr/lib/jvm/java-8-oracle/jre/lib/amd64/libjava.so
7fba86b55000-7fba86b57000 rw-p 0002a000 08:06 10363464                   /usr/lib/jvm/java-8-oracle/jre/lib/amd64/libjava.so
7fba86b57000-7fba86b64000 r-xp 00000000 08:06 10363488                   /usr/lib/jvm/java-8-oracle/jre/lib/amd64/libverify.so
7fba86b64000-7fba86d64000 ---p 0000d000 08:06 10363488                   /usr/lib/jvm/java-8-oracle/jre/lib/amd64/libverify.so
7fba86d64000-7fba86d66000 rw-p 0000d000 08:06 10363488                   /usr/lib/jvm/java-8-oracle/jre/lib/amd64/libverify.so
7fba86d66000-7fba86d6d000 r-xp 00000000 08:06 4981052                    /lib/x86_64-linux-gnu/librt-2.26.so
7fba86d6d000-7fba86f6c000 ---p 00007000 08:06 4981052                    /lib/x86_64-linux-gnu/librt-2.26.so
7fba86f6c000-7fba86f6d000 r--p 00006000 08:06 4981052                    /lib/x86_64-linux-gnu/librt-2.26.so
7fba86f6d000-7fba86f6e000 rw-p 00007000 08:06 4981052                    /lib/x86_64-linux-gnu/librt-2.26.so
7fba86f6e000-7fba870c3000 r-xp 00000000 08:06 4980956                    /lib/x86_64-linux-gnu/libm-2.26.so
7fba870c3000-7fba872c2000 ---p 00155000 08:06 4980956                    /lib/x86_64-linux-gnu/libm-2.26.so
7fba872c2000-7fba872c3000 r--p 00154000 08:06 4980956                    /lib/x86_64-linux-gnu/libm-2.26.so
7fba872c3000-7fba872c4000 rw-p 00155000 08:06 4980956                    /lib/x86_64-linux-gnu/libm-2.26.so
7fba872c4000-7fba87f97000 r-xp 00000000 08:06 10363571                   /usr/lib/jvm/java-8-oracle/jre/lib/amd64/server/libjvm.so
7fba87f97000-7fba88196000 ---p 00cd3000 08:06 10363571                   /usr/lib/jvm/java-8-oracle/jre/lib/amd64/server/libjvm.so
7fba88196000-7fba88270000 rw-p 00cd2000 08:06 10363571                   /usr/lib/jvm/java-8-oracle/jre/lib/amd64/server/libjvm.so
7fba88270000-7fba882bb000 rw-p 00000000 00:00 0 
7fba882bb000-7fba88491000 r-xp 00000000 08:06 4980947                    /lib/x86_64-linux-gnu/libc-2.26.so
7fba88491000-7fba88691000 ---p 001d6000 08:06 4980947                    /lib/x86_64-linux-gnu/libc-2.26.so
7fba88691000-7fba88695000 r--p 001d6000 08:06 4980947                    /lib/x86_64-linux-gnu/libc-2.26.so
7fba88695000-7fba88697000 rw-p 001da000 08:06 4980947                    /lib/x86_64-linux-gnu/libc-2.26.so
7fba88697000-7fba8869b000 rw-p 00000000 00:00 0 
7fba8869b000-7fba8869e000 r-xp 00000000 08:06 4980952                    /lib/x86_64-linux-gnu/libdl-2.26.so
7fba8869e000-7fba8889d000 ---p 00003000 08:06 4980952                    /lib/x86_64-linux-gnu/libdl-2.26.so
7fba8889d000-7fba8889e000 r--p 00002000 08:06 4980952                    /lib/x86_64-linux-gnu/libdl-2.26.so
7fba8889e000-7fba8889f000 rw-p 00003000 08:06 4980952                    /lib/x86_64-linux-gnu/libdl-2.26.so
7fba8889f000-7fba888b5000 r-xp 00000000 08:06 10363562                   /usr/lib/jvm/java-8-oracle/jre/lib/amd64/jli/libjli.so
7fba888b5000-7fba88ab4000 ---p 00016000 08:06 10363562                   /usr/lib/jvm/java-8-oracle/jre/lib/amd64/jli/libjli.so
7fba88ab4000-7fba88ab5000 rw-p 00015000 08:06 10363562                   /usr/lib/jvm/java-8-oracle/jre/lib/amd64/jli/libjli.so
7fba88ab5000-7fba88acf000 r-xp 00000000 08:06 4981045                    /lib/x86_64-linux-gnu/libpthread-2.26.so
7fba88acf000-7fba88cce000 ---p 0001a000 08:06 4981045                    /lib/x86_64-linux-gnu/libpthread-2.26.so
7fba88cce000-7fba88ccf000 r--p 00019000 08:06 4981045                    /lib/x86_64-linux-gnu/libpthread-2.26.so
7fba88ccf000-7fba88cd0000 rw-p 0001a000 08:06 4981045                    /lib/x86_64-linux-gnu/libpthread-2.26.so
7fba88cd0000-7fba88cd4000 rw-p 00000000 00:00 0 
7fba88cd4000-7fba88cfb000 r-xp 00000000 08:06 4980915                    /lib/x86_64-linux-gnu/ld-2.26.so
7fba88dba000-7fba88dbd000 ---p 00000000 00:00 0 
7fba88dbd000-7fba88ebd000 rw-p 00000000 00:00 0 
7fba88eee000-7fba88ef6000 rw-s 00000000 08:06 4981116                    /tmp/hsperfdata_miguel/22365
7fba88ef6000-7fba88ef7000 rw-p 00000000 00:00 0 
7fba88ef7000-7fba88ef8000 r--p 00000000 00:00 0 
7fba88ef8000-7fba88efb000 rw-p 00000000 00:00 0 
7fba88efb000-7fba88efc000 r--p 00027000 08:06 4980915                    /lib/x86_64-linux-gnu/ld-2.26.so
7fba88efc000-7fba88efd000 rw-p 00028000 08:06 4980915                    /lib/x86_64-linux-gnu/ld-2.26.so
7fba88efd000-7fba88efe000 rw-p 00000000 00:00 0 
7ffdbca28000-7ffdbca49000 rw-p 00000000 00:00 0                          [stack]
7ffdbcac2000-7ffdbcac5000 r--p 00000000 00:00 0                          [vvar]
7ffdbcac5000-7ffdbcac7000 r-xp 00000000 00:00 0                          [vdso]
ffffffffff600000-ffffffffff601000 r-xp 00000000 00:00 0                  [vsyscall]

VM Arguments:
jvm_args: -Dfile.encoding=UTF-8 
java_command: /home/miguel/Documents/EngInf/IHC/Trabalho/GIT/IHCRM/dist/run569231400/IHCRM.jar
java_class_path (initial): /home/miguel/Documents/EngInf/IHC/Trabalho/GIT/IHCRM/dist/run569231400/IHCRM.jar
Launcher Type: SUN_STANDARD

Environment Variables:
JAVA_HOME=/usr/lib/jvm/java-8-oracle
PATH=/home/miguel/bin:/home/miguel/.local/bin:/usr/local/sbin:/usr/local/bin:/usr/sbin:/usr/bin:/sbin:/bin:/usr/games:/usr/local/games:/snap/bin:/usr/lib/jvm/java-8-oracle/bin:/usr/lib/jvm/java-8-oracle/db/bin:/usr/lib/jvm/java-8-oracle/jre/bin
USERNAME=miguel
LD_LIBRARY_PATH=/usr/lib/jvm/java-8-oracle/jre/lib/amd64:/usr/lib/jvm/java-8-oracle/jre/lib/i386:
SHELL=/bin/bash
DISPLAY=:1

Signal Handlers:
SIGSEGV: [libjvm.so+0xacbe10], sa_mask[0]=11111111011111111101111111111110, sa_flags=SA_RESTART|SA_SIGINFO
SIGBUS: [libjvm.so+0xacbe10], sa_mask[0]=11111111011111111101111111111110, sa_flags=SA_RESTART|SA_SIGINFO
SIGFPE: [libjvm.so+0x924f90], sa_mask[0]=11111111011111111101111111111110, sa_flags=SA_RESTART|SA_SIGINFO
SIGPIPE: [libjvm.so+0x924f90], sa_mask[0]=11111111011111111101111111111110, sa_flags=SA_RESTART|SA_SIGINFO
SIGXFSZ: [libjvm.so+0x924f90], sa_mask[0]=11111111011111111101111111111110, sa_flags=SA_RESTART|SA_SIGINFO
SIGILL: [libjvm.so+0x924f90], sa_mask[0]=11111111011111111101111111111110, sa_flags=SA_RESTART|SA_SIGINFO
SIGUSR1: SIG_DFL, sa_mask[0]=00000000000000000000000000000000, sa_flags=none
SIGUSR2: [libjvm.so+0x9267d0], sa_mask[0]=00100000000000000000000000000000, sa_flags=SA_RESTART|SA_SIGINFO
SIGHUP: SIG_DFL, sa_mask[0]=00000000000000000000000000000000, sa_flags=none
SIGINT: SIG_IGN, sa_mask[0]=00000000000000000000000000000000, sa_flags=none
SIGTERM: SIG_DFL, sa_mask[0]=00000000000000000000000000000000, sa_flags=none
SIGQUIT: SIG_DFL, sa_mask[0]=00000000000000000000000000000000, sa_flags=none


---------------  S Y S T E M  ---------------

OS:DISTRIB_ID=Ubuntu
DISTRIB_RELEASE=17.10
DISTRIB_CODENAME=artful
DISTRIB_DESCRIPTION="Ubuntu 17.10"

uname:Linux 4.13.0-25-generic #29-Ubuntu SMP Mon Jan 8 21:14:41 UTC 2018 x86_64
libc:glibc 2.26 NPTL 2.26 
rlimit: STACK 8192k, CORE 0k, NPROC 63480, NOFILE 1048576, AS infinity
load average:2.45 2.13 1.95

/proc/meminfo:
MemTotal:       16312364 kB
MemFree:          135396 kB
MemAvailable:      37584 kB
Buffers:            1248 kB
Cached:           382116 kB
SwapCached:        29200 kB
Active:         14236612 kB
Inactive:        1327456 kB
Active(anon):   14201424 kB
Inactive(anon):  1290916 kB
Active(file):      35188 kB
Inactive(file):    36540 kB
Unevictable:        1536 kB
Mlocked:            1536 kB
SwapTotal:       7811068 kB
SwapFree:              0 kB
Dirty:                16 kB
Writeback:             0 kB
AnonPages:      15154828 kB
Mapped:           412072 kB
Shmem:            311184 kB
Slab:             172260 kB
SReclaimable:      68868 kB
SUnreclaim:       103392 kB
KernelStack:       25664 kB
PageTables:       153112 kB
NFS_Unstable:          0 kB
Bounce:                0 kB
WritebackTmp:          0 kB
CommitLimit:    15967248 kB
Committed_AS:   27834720 kB
VmallocTotal:   34359738367 kB
VmallocUsed:           0 kB
VmallocChunk:          0 kB
HardwareCorrupted:     0 kB
AnonHugePages:         0 kB
ShmemHugePages:        0 kB
ShmemPmdMapped:        0 kB
CmaTotal:              0 kB
CmaFree:               0 kB
HugePages_Total:       0
HugePages_Free:        0
HugePages_Rsvd:        0
HugePages_Surp:        0
Hugepagesize:       2048 kB
DirectMap4k:      568072 kB
DirectMap2M:    16095232 kB
DirectMap1G:           0 kB


CPU:total 4 (initial active 4) (2 cores per cpu, 2 threads per core) family 6 model 61 stepping 4, cmov, cx8, fxsr, mmx, sse, sse2, sse3, ssse3, sse4.1, sse4.2, popcnt, avx, avx2, aes, clmul, erms, rtm, 3dnowpref, lzcnt, ht, tsc, tscinvbit, bmi1, bmi2, adx

/proc/cpuinfo:
processor	: 0
vendor_id	: GenuineIntel
cpu family	: 6
model		: 61
model name	: Intel(R) Core(TM) i7-5600U CPU @ 2.60GHz
stepping	: 4
microcode	: 0x25
cpu MHz		: 2593.949
cache size	: 4096 KB
physical id	: 0
siblings	: 4
core id		: 0
cpu cores	: 2
apicid		: 0
initial apicid	: 0
fpu		: yes
fpu_exception	: yes
cpuid level	: 20
wp		: yes
flags		: fpu vme de pse tsc msr pae mce cx8 apic sep mtrr pge mca cmov pat pse36 clflush dts acpi mmx fxsr sse sse2 ss ht tm pbe syscall nx pdpe1gb rdtscp lm constant_tsc arch_perfmon pebs bts rep_good nopl xtopology nonstop_tsc cpuid aperfmperf pni pclmulqdq dtes64 monitor ds_cpl vmx smx est tm2 ssse3 sdbg fma cx16 xtpr pdcm pcid sse4_1 sse4_2 x2apic movbe popcnt tsc_deadline_timer aes xsave avx f16c rdrand lahf_lm abm 3dnowprefetch cpuid_fault epb invpcid_single pti intel_pt tpr_shadow vnmi flexpriority ept vpid fsgsbase tsc_adjust bmi1 hle avx2 smep bmi2 erms invpcid rtm rdseed adx smap xsaveopt dtherm ida arat pln pts
bugs		: cpu_insecure
bogomips	: 5187.89
clflush size	: 64
cache_alignment	: 64
address sizes	: 39 bits physical, 48 bits virtual
power management:

processor	: 1
vendor_id	: GenuineIntel
cpu family	: 6
model		: 61
model name	: Intel(R) Core(TM) i7-5600U CPU @ 2.60GHz
stepping	: 4
microcode	: 0x25
cpu MHz		: 2593.949
cache size	: 4096 KB
physical id	: 0
siblings	: 4
core id		: 1
cpu cores	: 2
apicid		: 2
initial apicid	: 2
fpu		: yes
fpu_exception	: yes
cpuid level	: 20
wp		: yes
flags		: fpu vme de pse tsc msr pae mce cx8 apic sep mtrr pge mca cmov pat pse36 clflush dts acpi mmx fxsr sse sse2 ss ht tm pbe syscall nx pdpe1gb rdtscp lm constant_tsc arch_perfmon pebs bts rep_good nopl xtopology nonstop_tsc cpuid aperfmperf pni pclmulqdq dtes64 monitor ds_cpl vmx smx est tm2 ssse3 sdbg fma cx16 xtpr pdcm pcid sse4_1 sse4_2 x2apic movbe popcnt tsc_deadline_timer aes xsave avx f16c rdrand lahf_lm abm 3dnowprefetch cpuid_fault epb invpcid_single pti intel_pt tpr_shadow vnmi flexpriority ept vpid fsgsbase tsc_adjust bmi1 hle avx2 smep bmi2 erms invpcid rtm rdseed adx smap xsaveopt dtherm ida arat pln pts
bugs		: cpu_insecure
bogomips	: 5187.89
clflush size	: 64
cache_alignment	: 64
address sizes	: 39 bits physical, 48 bits virtual
power management:

processor	: 2
vendor_id	: GenuineIntel
cpu family	: 6
model		: 61
model name	: Intel(R) Core(TM) i7-5600U CPU @ 2.60GHz
stepping	: 4
microcode	: 0x25
cpu MHz		: 2593.949
cache size	: 4096 KB
physical id	: 0
siblings	: 4
core id		: 0
cpu cores	: 2
apicid		: 1
initial apicid	: 1
fpu		: yes
fpu_exception	: yes
cpuid level	: 20
wp		: yes
flags		: fpu vme de pse tsc msr pae mce cx8 apic sep mtrr pge mca cmov pat pse36 clflush dts acpi mmx fxsr sse sse2 ss ht tm pbe syscall nx pdpe1gb rdtscp lm constant_tsc arch_perfmon pebs bts rep_good nopl xtopology nonstop_tsc cpuid aperfmperf pni pclmulqdq dtes64 monitor ds_cpl vmx smx est tm2 ssse3 sdbg fma cx16 xtpr pdcm pcid sse4_1 sse4_2 x2apic movbe popcnt tsc_deadline_timer aes xsave avx f16c rdrand lahf_lm abm 3dnowprefetch cpuid_fault epb invpcid_single pti intel_pt tpr_shadow vnmi flexpriority ept vpid fsgsbase tsc_adjust bmi1 hle avx2 smep bmi2 erms invpcid rtm rdseed adx smap xsaveopt dtherm ida arat pln pts
bugs		: cpu_insecure
bogomips	: 5187.89
clflush size	: 64
cache_alignment	: 64
address sizes	: 39 bits physical, 48 bits virtual
power management:

processor	: 3
vendor_id	: GenuineIntel
cpu family	: 6
model		: 61
model name	: Intel(R) Core(TM) i7-5600U CPU @ 2.60GHz
stepping	: 4
microcode	: 0x25
cpu MHz		: 2593.949
cache size	: 4096 KB
physical id	: 0
siblings	: 4
core id		: 1
cpu cores	: 2
apicid		: 3
initial apicid	: 3
fpu		: yes
fpu_exception	: yes
cpuid level	: 20
wp		: yes
flags		: fpu vme de pse tsc msr pae mce cx8 apic sep mtrr pge mca cmov pat pse36 clflush dts acpi mmx fxsr sse sse2 ss ht tm pbe syscall nx pdpe1gb rdtscp lm constant_tsc arch_perfmon pebs bts rep_good nopl xtopology nonstop_tsc cpuid aperfmperf pni pclmulqdq dtes64 monitor ds_cpl vmx smx est tm2 ssse3 sdbg fma cx16 xtpr pdcm pcid sse4_1 sse4_2 x2apic movbe popcnt tsc_deadline_timer aes xsave avx f16c rdrand lahf_lm abm 3dnowprefetch cpuid_fault epb invpcid_single pti intel_pt tpr_shadow vnmi flexpriority ept vpid fsgsbase tsc_adjust bmi1 hle avx2 smep bmi2 erms invpcid rtm rdseed adx smap xsaveopt dtherm ida arat pln pts
bugs		: cpu_insecure
bogomips	: 5187.89
clflush size	: 64
cache_alignment	: 64
address sizes	: 39 bits physical, 48 bits virtual
power management:



Memory: 4k page, physical 16312364k(135396k free), swap 7811068k(0k free)

vm_info: Java HotSpot(TM) 64-Bit Server VM (25.151-b12) for linux-amd64 JRE (1.8.0_151-b12), built on Sep  5 2017 19:20:58 by "java_re" with gcc 4.3.0 20080428 (Red Hat 4.3.0-8)

time: Fri Jan 12 20:30:39 2018
elapsed time: 0 seconds (0d 0h 0m 0s)

